<?xml version="1.0" encoding="UTF-8"?>
<!-- Generated by org.testng.reporters.JUnitXMLReporter -->
<testsuite ignored="0" hostname="LAPTOP-2JAIS1UQ" failures="0" tests="8" name="Lead Test Cases" time="87.464" errors="0" timestamp="2023-09-07T22:13:29 IST">
  <testcase classname="week7.day2.assignments.testcases.LoginTC" name="runLogin" time="2.079"/>
  <testcase classname="week7.day2.assignments.testcases.CreateLeadTC" name="runCreateLead" time="6.947"/>
  <testcase classname="week7.day2.assignments.testcases.CreateLeadTC" name="runCreateLead" time="6.723"/>
  <testcase classname="week7.day2.assignments.testcases.EditLeadTC" name="runEdit" time="9.041"/>
  <testcase classname="week7.day2.assignments.testcases.EditLeadTC" name="runEdit" time="8.762"/>
  <testcase classname="week7.day2.assignments.testcases.MergeLeadTC" name="runMergeLead" time="6.451"/>
  <testcase classname="week7.day2.assignments.testcases.DuplicateLeadTC" name="runDuplicateLead" time="10.027"/>
  <testcase classname="week7.day2.assignments.testcases.DeleteLeadTC" name="runDeleteLead" time="6.947"/>
</testsuite> <!-- Lead Test Cases -->
