<?xml version="1.0" encoding="UTF-8"?>
<!-- Generated by org.testng.reporters.JUnitXMLReporter -->
<testsuite ignored="5" hostname="LAPTOP-2JAIS1UQ" failures="0" tests="8" name="Test" time="48.587" errors="0" timestamp="2023-09-10T00:17:41 IST">
  <testcase classname="week8.day1.assignments.testcases.LoginTC" name="runLogin" time="5.92"/>
  <testcase classname="week8.day1.assignments.testcases.MergeLeadTC" name="runMergeLead" time="15.705"/>
  <testcase classname="week8.day1.assignments.testcases.DeleteLeadTC" name="runDeleteLead" time="18.417"/>
  <testcase classname="week8.day1.assignments.testcases.EditLeadTC" name="runEdit" time="19.827"/>
  <testcase classname="week8.day1.assignments.testcases.CreateLeadTC" name="runCreateLead" time="22.209"/>
  <testcase classname="week8.day1.assignments.testcases.DuplicateLeadTC" name="runDuplicateLead" time="21.711"/>
  <testcase classname="week8.day1.assignments.testcases.CreateLeadTC" name="runCreateLead" time="11.869"/>
  <testcase classname="week8.day1.assignments.testcases.EditLeadTC" name="runEdit" time="18.608"/>
  <testcase classname="week8.day1.assignments.base.ProjectSpecificMethod" name="@BeforeTest setFileName" time="0.0">
    <ignored/>
  </testcase> <!-- @BeforeTest setFileName -->
  <testcase classname="week8.day1.assignments.base.ProjectSpecificMethod" name="@BeforeTest setFileName" time="0.0">
    <ignored/>
  </testcase> <!-- @BeforeTest setFileName -->
  <testcase classname="week8.day1.assignments.base.ProjectSpecificMethod" name="@BeforeTest setFileName" time="0.0">
    <ignored/>
  </testcase> <!-- @BeforeTest setFileName -->
  <testcase classname="week8.day1.assignments.base.ProjectSpecificMethod" name="@BeforeTest setFileName" time="0.0">
    <ignored/>
  </testcase> <!-- @BeforeTest setFileName -->
  <testcase classname="week8.day1.assignments.base.ProjectSpecificMethod" name="@BeforeTest setFileName" time="0.0">
    <ignored/>
  </testcase> <!-- @BeforeTest setFileName -->
</testsuite> <!-- Test -->
